{"/Users/ericwise/Desktop/FEC/service-eric/client/src/app.jsx": {"path":"/Users/ericwise/Desktop/FEC/service-eric/client/src/app.jsx","statementMap":{"0":{"start":{"line":9,"column":36},"end":{"line":9,"column":60}},"1":{"start":{"line":10,"column":34},"end":{"line":10,"column":49}},"2":{"start":{"line":11,"column":32},"end":{"line":11,"column":44}},"3":{"start":{"line":15,"column":4},"end":{"line":17,"column":73}},"4":{"start":{"line":16,"column":28},"end":{"line":16,"column":47}},"5":{"start":{"line":17,"column":24},"end":{"line":17,"column":69}},"6":{"start":{"line":20,"column":2},"end":{"line":22,"column":9}},"7":{"start":{"line":21,"column":4},"end":{"line":21,"column":17}},"8":{"start":{"line":24,"column":2},"end":{"line":41,"column":4}}},"fnMap":{"0":{"name":"App","decl":{"start":{"line":8,"column":9},"end":{"line":8,"column":12}},"loc":{"start":{"line":8,"column":15},"end":{"line":42,"column":1}},"line":8},"1":{"name":"getImages","decl":{"start":{"line":14,"column":11},"end":{"line":14,"column":20}},"loc":{"start":{"line":14,"column":32},"end":{"line":18,"column":3}},"line":14},"2":{"name":"(anonymous_2)","decl":{"start":{"line":16,"column":12},"end":{"line":16,"column":13}},"loc":{"start":{"line":16,"column":26},"end":{"line":16,"column":49}},"line":16},"3":{"name":"(anonymous_3)","decl":{"start":{"line":17,"column":13},"end":{"line":17,"column":14}},"loc":{"start":{"line":17,"column":22},"end":{"line":17,"column":71}},"line":17},"4":{"name":"(anonymous_4)","decl":{"start":{"line":20,"column":12},"end":{"line":20,"column":13}},"loc":{"start":{"line":20,"column":18},"end":{"line":22,"column":3}},"line":20}},"branchMap":{},"s":{"0":2,"1":2,"2":2,"3":0,"4":0,"5":0,"6":2,"7":0,"8":2},"f":{"0":2,"1":0,"2":0,"3":0,"4":0},"b":{},"_coverageSchema":"1a1c01bbd47fc00a2c39e90264f33305004495a9","hash":"a292a3e6a673643f280ad587387c6a606b0f9ad7"}
,"/Users/ericwise/Desktop/FEC/service-eric/client/src/modal.jsx": {"path":"/Users/ericwise/Desktop/FEC/service-eric/client/src/modal.jsx","statementMap":{"0":{"start":{"line":4,"column":16},"end":{"line":12,"column":1}},"1":{"start":{"line":14,"column":17},"end":{"line":22,"column":1}},"2":{"start":{"line":24,"column":22},"end":{"line":30,"column":1}},"3":{"start":{"line":32,"column":19},"end":{"line":66,"column":1}},"4":{"start":{"line":68,"column":20},"end":{"line":102,"column":1}},"5":{"start":{"line":104,"column":20},"end":{"line":126,"column":1}},"6":{"start":{"line":128,"column":22},"end":{"line":137,"column":1}},"7":{"start":{"line":139,"column":23},"end":{"line":145,"column":1}},"8":{"start":{"line":147,"column":2},"end":{"line":149,"column":3}},"9":{"start":{"line":148,"column":4},"end":{"line":148,"column":16}},"10":{"start":{"line":150,"column":2},"end":{"line":163,"column":4}},"11":{"start":{"line":152,"column":34},"end":{"line":152,"column":56}},"12":{"start":{"line":153,"column":33},"end":{"line":153,"column":77}},"13":{"start":{"line":154,"column":34},"end":{"line":154,"column":78}}},"fnMap":{"0":{"name":"Modal","decl":{"start":{"line":146,"column":9},"end":{"line":146,"column":14}},"loc":{"start":{"line":146,"column":74},"end":{"line":164,"column":1}},"line":146},"1":{"name":"(anonymous_1)","decl":{"start":{"line":152,"column":28},"end":{"line":152,"column":29}},"loc":{"start":{"line":152,"column":34},"end":{"line":152,"column":56}},"line":152},"2":{"name":"(anonymous_2)","decl":{"start":{"line":153,"column":27},"end":{"line":153,"column":28}},"loc":{"start":{"line":153,"column":33},"end":{"line":153,"column":77}},"line":153},"3":{"name":"(anonymous_3)","decl":{"start":{"line":154,"column":28},"end":{"line":154,"column":29}},"loc":{"start":{"line":154,"column":34},"end":{"line":154,"column":78}},"line":154}},"branchMap":{"0":{"loc":{"start":{"line":147,"column":2},"end":{"line":149,"column":3}},"type":"if","locations":[{"start":{"line":147,"column":2},"end":{"line":149,"column":3}},{"start":{"line":147,"column":2},"end":{"line":149,"column":3}}],"line":147},"1":{"loc":{"start":{"line":153,"column":44},"end":{"line":153,"column":76}},"type":"cond-expr","locations":[{"start":{"line":153,"column":60},"end":{"line":153,"column":62}},{"start":{"line":153,"column":65},"end":{"line":153,"column":76}}],"line":153},"2":{"loc":{"start":{"line":154,"column":45},"end":{"line":154,"column":77}},"type":"cond-expr","locations":[{"start":{"line":154,"column":62},"end":{"line":154,"column":63}},{"start":{"line":154,"column":66},"end":{"line":154,"column":77}}],"line":154}},"s":{"0":3,"1":3,"2":3,"3":3,"4":3,"5":3,"6":3,"7":3,"8":1,"9":1,"10":0,"11":0,"12":0,"13":0},"f":{"0":1,"1":0,"2":0,"3":0},"b":{"0":[1,0],"1":[0,0],"2":[0,0]},"_coverageSchema":"1a1c01bbd47fc00a2c39e90264f33305004495a9","hash":"6651bf150becb0286f128981ccf607bde1b1fef7"}
,"/Users/ericwise/Desktop/FEC/service-eric/client/src/photos.jsx": {"path":"/Users/ericwise/Desktop/FEC/service-eric/client/src/photos.jsx","statementMap":{"0":{"start":{"line":5,"column":18},"end":{"line":18,"column":1}},"1":{"start":{"line":20,"column":22},"end":{"line":31,"column":1}},"2":{"start":{"line":33,"column":27},"end":{"line":45,"column":1}},"3":{"start":{"line":47,"column":25},"end":{"line":58,"column":1}},"4":{"start":{"line":60,"column":30},"end":{"line":72,"column":1}},"5":{"start":{"line":74,"column":21},"end":{"line":79,"column":1}},"6":{"start":{"line":81,"column":21},"end":{"line":84,"column":1}},"7":{"start":{"line":86,"column":18},"end":{"line":90,"column":1}},"8":{"start":{"line":92,"column":19},"end":{"line":95,"column":1}},"9":{"start":{"line":97,"column":28},"end":{"line":116,"column":1}},"10":{"start":{"line":119,"column":2},"end":{"line":121,"column":3}},"11":{"start":{"line":120,"column":4},"end":{"line":120,"column":16}},"12":{"start":{"line":122,"column":2},"end":{"line":136,"column":4}},"13":{"start":{"line":130,"column":34},"end":{"line":130,"column":52}},"14":{"start":{"line":130,"column":53},"end":{"line":130,"column":67}},"15":{"start":{"line":131,"column":38},"end":{"line":131,"column":56}},"16":{"start":{"line":131,"column":57},"end":{"line":131,"column":71}},"17":{"start":{"line":132,"column":43},"end":{"line":132,"column":61}},"18":{"start":{"line":132,"column":62},"end":{"line":132,"column":76}},"19":{"start":{"line":133,"column":41},"end":{"line":133,"column":59}},"20":{"start":{"line":133,"column":60},"end":{"line":133,"column":74}},"21":{"start":{"line":134,"column":46},"end":{"line":134,"column":64}},"22":{"start":{"line":134,"column":65},"end":{"line":134,"column":79}}},"fnMap":{"0":{"name":"Photos","decl":{"start":{"line":118,"column":9},"end":{"line":118,"column":15}},"loc":{"start":{"line":118,"column":74},"end":{"line":137,"column":1}},"line":118},"1":{"name":"(anonymous_1)","decl":{"start":{"line":130,"column":26},"end":{"line":130,"column":27}},"loc":{"start":{"line":130,"column":32},"end":{"line":130,"column":69}},"line":130},"2":{"name":"(anonymous_2)","decl":{"start":{"line":131,"column":30},"end":{"line":131,"column":31}},"loc":{"start":{"line":131,"column":36},"end":{"line":131,"column":73}},"line":131},"3":{"name":"(anonymous_3)","decl":{"start":{"line":132,"column":35},"end":{"line":132,"column":36}},"loc":{"start":{"line":132,"column":41},"end":{"line":132,"column":78}},"line":132},"4":{"name":"(anonymous_4)","decl":{"start":{"line":133,"column":33},"end":{"line":133,"column":34}},"loc":{"start":{"line":133,"column":39},"end":{"line":133,"column":76}},"line":133},"5":{"name":"(anonymous_5)","decl":{"start":{"line":134,"column":38},"end":{"line":134,"column":39}},"loc":{"start":{"line":134,"column":44},"end":{"line":134,"column":81}},"line":134}},"branchMap":{"0":{"loc":{"start":{"line":119,"column":2},"end":{"line":121,"column":3}},"type":"if","locations":[{"start":{"line":119,"column":2},"end":{"line":121,"column":3}},{"start":{"line":119,"column":2},"end":{"line":121,"column":3}}],"line":119}},"s":{"0":2,"1":2,"2":2,"3":2,"4":2,"5":2,"6":2,"7":2,"8":2,"9":2,"10":1,"11":0,"12":1,"13":0,"14":0,"15":0,"16":0,"17":0,"18":0,"19":0,"20":0,"21":0,"22":0},"f":{"0":1,"1":0,"2":0,"3":0,"4":0,"5":0},"b":{"0":[0,1]},"_coverageSchema":"1a1c01bbd47fc00a2c39e90264f33305004495a9","hash":"e865d9398e984bd8bfad73a714417829b2659bd6"}
,"/Users/ericwise/Desktop/FEC/service-eric/database/image.js": {"path":"/Users/ericwise/Desktop/FEC/service-eric/database/image.js","statementMap":{"0":{"start":{"line":1,"column":17},"end":{"line":1,"column":36}},"1":{"start":{"line":2,"column":0},"end":{"line":2,"column":22}},"2":{"start":{"line":4,"column":0},"end":{"line":4,"column":34}},"3":{"start":{"line":6,"column":20},"end":{"line":10,"column":2}},"4":{"start":{"line":12,"column":14},"end":{"line":12,"column":50}},"5":{"start":{"line":14,"column":0},"end":{"line":14,"column":23}}},"fnMap":{},"branchMap":{},"s":{"0":1,"1":1,"2":1,"3":1,"4":1,"5":1},"f":{},"b":{},"_coverageSchema":"1a1c01bbd47fc00a2c39e90264f33305004495a9","hash":"0cb94d71214eb29c618a6abad6f0328c3daa5e5a"}
,"/Users/ericwise/Desktop/FEC/service-eric/database/index.js": {"path":"/Users/ericwise/Desktop/FEC/service-eric/database/index.js","statementMap":{"0":{"start":{"line":1,"column":17},"end":{"line":1,"column":36}},"1":{"start":{"line":3,"column":17},"end":{"line":3,"column":44}},"2":{"start":{"line":5,"column":11},"end":{"line":5,"column":37}},"3":{"start":{"line":7,"column":0},"end":{"line":7,"column":20}}},"fnMap":{},"branchMap":{},"s":{"0":1,"1":1,"2":1,"3":1},"f":{},"b":{},"_coverageSchema":"1a1c01bbd47fc00a2c39e90264f33305004495a9","hash":"cf69b9a8fee59b0e3a0e3c6bb2e9876c6b9db869"}
,"/Users/ericwise/Desktop/FEC/service-eric/server/app.js": {"path":"/Users/ericwise/Desktop/FEC/service-eric/server/app.js","statementMap":{"0":{"start":{"line":2,"column":16},"end":{"line":2,"column":34}},"1":{"start":{"line":3,"column":19},"end":{"line":3,"column":41}},"2":{"start":{"line":4,"column":14},"end":{"line":4,"column":45}},"3":{"start":{"line":6,"column":12},"end":{"line":6,"column":21}},"4":{"start":{"line":8,"column":0},"end":{"line":8,"column":27}},"5":{"start":{"line":9,"column":0},"end":{"line":9,"column":55}},"6":{"start":{"line":11,"column":0},"end":{"line":21,"column":3}},"7":{"start":{"line":12,"column":13},"end":{"line":12,"column":34}},"8":{"start":{"line":13,"column":2},"end":{"line":20,"column":7}},"9":{"start":{"line":15,"column":6},"end":{"line":15,"column":21}},"10":{"start":{"line":18,"column":6},"end":{"line":18,"column":26}},"11":{"start":{"line":19,"column":6},"end":{"line":19,"column":16}},"12":{"start":{"line":23,"column":0},"end":{"line":23,"column":21}}},"fnMap":{"0":{"name":"(anonymous_0)","decl":{"start":{"line":11,"column":35},"end":{"line":11,"column":36}},"loc":{"start":{"line":11,"column":49},"end":{"line":21,"column":1}},"line":11},"1":{"name":"(anonymous_1)","decl":{"start":{"line":14,"column":10},"end":{"line":14,"column":11}},"loc":{"start":{"line":14,"column":20},"end":{"line":16,"column":5}},"line":14},"2":{"name":"(anonymous_2)","decl":{"start":{"line":17,"column":11},"end":{"line":17,"column":12}},"loc":{"start":{"line":17,"column":20},"end":{"line":20,"column":5}},"line":17}},"branchMap":{},"s":{"0":1,"1":1,"2":1,"3":1,"4":1,"5":1,"6":1,"7":1,"8":1,"9":1,"10":0,"11":0,"12":1},"f":{"0":1,"1":1,"2":0},"b":{},"_coverageSchema":"1a1c01bbd47fc00a2c39e90264f33305004495a9","hash":"aac5e22ed6b8461f3c0bd16b3abc192bf5842400"}
}
