TN:
SF:client/src/app.jsx
FN:8,App
FN:14,getImages
FN:16,(anonymous_2)
FN:17,(anonymous_3)
FN:20,(anonymous_4)
FNF:5
FNH:1
FNDA:2,App
FNDA:0,getImages
FNDA:0,(anonymous_2)
FNDA:0,(anonymous_3)
FNDA:0,(anonymous_4)
DA:9,2
DA:10,2
DA:11,2
DA:15,0
DA:16,0
DA:17,0
DA:20,2
DA:21,0
DA:24,2
LF:9
LH:5
BRF:0
BRH:0
end_of_record
TN:
SF:client/src/modal.jsx
FN:146,Modal
FN:152,(anonymous_1)
FN:153,(anonymous_2)
FN:154,(anonymous_3)
FNF:4
FNH:1
FNDA:1,Modal
FNDA:0,(anonymous_1)
FNDA:0,(anonymous_2)
FNDA:0,(anonymous_3)
DA:4,3
DA:14,3
DA:24,3
DA:32,3
DA:68,3
DA:104,3
DA:128,3
DA:139,3
DA:147,1
DA:148,1
DA:150,0
DA:152,0
DA:153,0
DA:154,0
LF:14
LH:10
BRDA:147,0,0,1
BRDA:147,0,1,0
BRDA:153,1,0,0
BRDA:153,1,1,0
BRDA:154,2,0,0
BRDA:154,2,1,0
BRF:6
BRH:1
end_of_record
TN:
SF:client/src/photos.jsx
FN:118,Photos
FN:130,(anonymous_1)
FN:131,(anonymous_2)
FN:132,(anonymous_3)
FN:133,(anonymous_4)
FN:134,(anonymous_5)
FNF:6
FNH:1
FNDA:1,Photos
FNDA:0,(anonymous_1)
FNDA:0,(anonymous_2)
FNDA:0,(anonymous_3)
FNDA:0,(anonymous_4)
FNDA:0,(anonymous_5)
DA:5,2
DA:20,2
DA:33,2
DA:47,2
DA:60,2
DA:74,2
DA:81,2
DA:86,2
DA:92,2
DA:97,2
DA:119,1
DA:120,0
DA:122,1
DA:130,0
DA:131,0
DA:132,0
DA:133,0
DA:134,0
LF:18
LH:12
BRDA:119,0,0,0
BRDA:119,0,1,1
BRF:2
BRH:1
end_of_record
TN:
SF:database/image.js
FNF:0
FNH:0
DA:1,1
DA:2,1
DA:4,1
DA:6,1
DA:12,1
DA:14,1
LF:6
LH:6
BRF:0
BRH:0
end_of_record
TN:
SF:database/index.js
FNF:0
FNH:0
DA:1,1
DA:3,1
DA:5,1
DA:7,1
LF:4
LH:4
BRF:0
BRH:0
end_of_record
TN:
SF:server/app.js
FN:11,(anonymous_0)
FN:14,(anonymous_1)
FN:17,(anonymous_2)
FNF:3
FNH:2
FNDA:1,(anonymous_0)
FNDA:1,(anonymous_1)
FNDA:0,(anonymous_2)
DA:2,1
DA:3,1
DA:4,1
DA:6,1
DA:8,1
DA:9,1
DA:11,1
DA:12,1
DA:13,1
DA:15,1
DA:18,0
DA:19,0
DA:23,1
LF:13
LH:11
BRF:0
BRH:0
end_of_record
